<?xml version="1.0" encoding="UTF-8"?>
<!-- Generated by org.testng.reporters.JUnitReportReporter -->
<testsuite hostname="WJLP-1098" name="RamTestCases.OtrAdhocParcel" tests="8" failures="0" timestamp="29 May 2020 08:44:23 GMT" time="36.194" errors="0">
  <testcase name="InvalidConfirmNoOfParcel" time="3.383" classname="RamTestCases.OtrAdhocParcel"/>
  <testcase name="AddExistingParcel" time="6.014" classname="RamTestCases.OtrAdhocParcel"/>
  <testcase name="AddNewParcel" time="3.077" classname="RamTestCases.OtrAdhocParcel"/>
  <testcase name="AdhocParcelInvalidProceedBtn" time="4.995" classname="RamTestCases.OtrAdhocParcel"/>
  <testcase name="ValidConfirmNoOfParcel" time="5.427" classname="RamTestCases.OtrAdhocParcel"/>
  <testcase name="AdhocParcelValidParcelID" time="4.983" classname="RamTestCases.OtrAdhocParcel"/>
  <testcase name="AdhocParcelValidParcelConfirmation" time="5.290" classname="RamTestCases.OtrAdhocParcel"/>
  <testcase name="AdhocParcelInvalidParcelID" time="3.025" classname="RamTestCases.OtrAdhocParcel"/>
</testsuite> <!-- RamTestCases.OtrAdhocParcel -->
