<?xml version="1.0" encoding="UTF-8"?>
<!-- Generated by org.testng.reporters.JUnitReportReporter -->
<testsuite hostname="WJLP-1098" name="RamTestCases.Login" tests="17" failures="0" timestamp="29 May 2020 05:40:53 GMT" time="64.139" errors="0">
  <testcase name="TapOnOnTheRoad" time="0.901" classname="RamTestCases.Login"/>
  <testcase name="InvalidManifestID" time="2.927" classname="RamTestCases.Login"/>
  <testcase name="ValidConfirmNoOfParcel" time="2.453" classname="RamTestCases.Login"/>
  <testcase name="LoginInvalidEnter14DigitId" time="3.862" classname="RamTestCases.Login"/>
  <testcase name="AtTheHub" time="7.097" classname="RamTestCases.Login"/>
  <testcase name="ValidProceedToScan" time="1.815" classname="RamTestCases.Login"/>
  <testcase name="ValidManifestID" time="6.244" classname="RamTestCases.Login"/>
  <testcase name="InValidVehicleID" time="3.321" classname="RamTestCases.Login"/>
  <testcase name="ValidVehicleID" time="1.908" classname="RamTestCases.Login"/>
  <testcase name="InvalidProceedToScan" time="3.695" classname="RamTestCases.Login"/>
  <testcase name="LoginValidDriverID" time="2.583" classname="RamTestCases.Login"/>
  <testcase name="ValidOdoMeterReading" time="3.315" classname="RamTestCases.Login"/>
  <testcase name="LoginInvalidEnter12DigitId" time="4.069" classname="RamTestCases.Login"/>
  <testcase name="InvalidConfirmNoOfParcel" time="2.130" classname="RamTestCases.Login"/>
  <testcase name="InvalidOdoMeterReading" time="4.189" classname="RamTestCases.Login"/>
  <testcase name="LoginValidCrewMemberID" time="3.436" classname="RamTestCases.Login"/>
  <testcase name="LoginInValidCrewMemberID" time="10.194" classname="RamTestCases.Login"/>
</testsuite> <!-- RamTestCases.Login -->
