<?xml version="1.0" encoding="UTF-8"?>
<!-- Generated by org.testng.reporters.JUnitReportReporter -->
<testsuite hostname="WJLP-1098" name="RamTestCases.OtrDeliveryC1" tests="6" failures="0" timestamp="29 May 2020 05:49:53 GMT" time="57.649" errors="0">
  <testcase name="TapOnDeliveryBtnCompleteProcess" time="4.639" classname="RamTestCases.OtrDeliveryC1"/>
  <testcase name="NonDeliveryCompleteProcess" time="15.954" classname="RamTestCases.OtrDeliveryC1"/>
  <testcase name="DeliveryvalidParcelNo" time="9.072" classname="RamTestCases.OtrDeliveryC1"/>
  <testcase name="GroupDelivery" time="17.150" classname="RamTestCases.OtrDeliveryC1"/>
  <testcase name="DeliveryCase1InvalidParcel" time="3.788" classname="RamTestCases.OtrDeliveryC1"/>
  <testcase name="VerifyNextBtn" time="7.046" classname="RamTestCases.OtrDeliveryC1"/>
</testsuite> <!-- RamTestCases.OtrDeliveryC1 -->
