<?xml version="1.0" encoding="UTF-8"?>
<!-- Generated by org.testng.reporters.JUnitReportReporter -->
<testsuite hostname="WJLP-1098" name="RamTestCases.OtrDeliveryC3" tests="3" failures="0" timestamp="29 May 2020 08:37:31 GMT" time="41.103" errors="0">
  <testcase name="DeliverywithUsingdrivingLicencestep2" time="10.286" classname="RamTestCases.OtrDeliveryC3"/>
  <testcase name="DeliveryWithRuleNO1N2" time="19.139" classname="RamTestCases.OtrDeliveryC3"/>
  <testcase name="DeliverywithRule16" time="11.678" classname="RamTestCases.OtrDeliveryC3"/>
</testsuite> <!-- RamTestCases.OtrDeliveryC3 -->
