<?xml version="1.0" encoding="UTF-8"?>
<!-- Generated by org.testng.reporters.JUnitReportReporter -->
<testsuite hostname="WJLP-1098" name="RamTestCases.BaseTestForC1andC2" tests="2" failures="0" timestamp="29 May 2020 07:37:02 GMT" time="58.981" errors="0">
  <testcase name="AtTheHub" time="4.710" classname="RamTestCases.BaseTestForC1andC2"/>
  <testcase name="PreRequisiteforC1andC2OTHModule" time="54.271" classname="RamTestCases.BaseTestForC1andC2"/>
</testsuite> <!-- RamTestCases.BaseTestForC1andC2 -->
