<?xml version="1.0" encoding="UTF-8"?>
<!-- Generated by org.testng.reporters.JUnitReportReporter -->
<testsuite hostname="WJLP-1098" name="RamTestCases.BaseDevTestForRestModule" tests="2" failures="0" timestamp="29 May 2020 10:10:36 GMT" time="36.624" errors="0">
  <testcase name="AtTheHub" time="6.763" classname="RamTestCases.BaseDevTestForRestModule"/>
  <testcase name="PreRequisiteforrestOTHModule" time="29.861" classname="RamTestCases.BaseDevTestForRestModule"/>
</testsuite> <!-- RamTestCases.BaseDevTestForRestModule -->
