<?xml version="1.0" encoding="UTF-8"?>
<!-- Generated by org.testng.reporters.JUnitReportReporter -->
<testsuite hostname="WJLP-1098" name="RamTestCases.Login" tests="16" failures="0" timestamp="26 Jun 2020 13:53:54 GMT" time="56.074" errors="0">
  <testcase name="InvalidConfirmNoOfParcel" time="3.488" classname="RamTestCases.Login"/>
  <testcase name="TapOnOnTheRoad" time="3.536" classname="RamTestCases.Login"/>
  <testcase name="ValidProceedToScan" time="1.347" classname="RamTestCases.Login"/>
  <testcase name="LoginValidDriverID" time="2.333" classname="RamTestCases.Login"/>
  <testcase name="InvalidProceedToScan" time="3.350" classname="RamTestCases.Login"/>
  <testcase name="LoginInValidCrewMemberID" time="4.241" classname="RamTestCases.Login"/>
  <testcase name="InvalidManifestID" time="3.329" classname="RamTestCases.Login"/>
  <testcase name="LoginInvalidEnter12DigitId" time="2.747" classname="RamTestCases.Login"/>
  <testcase name="ValidOdoMeterReading" time="2.512" classname="RamTestCases.Login"/>
  <testcase name="LoginValidCrewMemberID" time="2.826" classname="RamTestCases.Login"/>
  <testcase name="InValidVehicleID" time="3.400" classname="RamTestCases.Login"/>
  <testcase name="AtTheHub" time="8.080" classname="RamTestCases.Login"/>
  <testcase name="ValidManifestID" time="6.265" classname="RamTestCases.Login"/>
  <testcase name="ValidVehicleID" time="2.376" classname="RamTestCases.Login"/>
  <testcase name="InvalidOdoMeterReading" time="3.862" classname="RamTestCases.Login"/>
  <testcase name="ValidConfirmNoOfParcel" time="2.382" classname="RamTestCases.Login"/>
</testsuite> <!-- RamTestCases.Login -->
