<?xml version="1.0" encoding="UTF-8"?>
<!-- Generated by org.testng.reporters.JUnitReportReporter -->
<testsuite hostname="WJLP-1098" name="RamTestCases.OtrHandoverParcel" tests="6" failures="0" timestamp="29 May 2020 09:00:22 GMT" time="43.658" errors="0">
  <testcase name="InValidHPProceedbtn" time="4.768" classname="RamTestCases.OtrHandoverParcel"/>
  <testcase name="InValidHPProceedsameNameWithoutSign" time="7.438" classname="RamTestCases.OtrHandoverParcel"/>
  <testcase name="HPVerifyNextBtn" time="3.352" classname="RamTestCases.OtrHandoverParcel"/>
  <testcase name="ValidHPParcel" time="13.349" classname="RamTestCases.OtrHandoverParcel"/>
  <testcase name="ValidHPParcelasignstep1" time="5.376" classname="RamTestCases.OtrHandoverParcel"/>
  <testcase name="ValidHPParcelasignstep2" time="9.375" classname="RamTestCases.OtrHandoverParcel"/>
</testsuite> <!-- RamTestCases.OtrHandoverParcel -->
