<?xml version="1.0" encoding="UTF-8"?>
<!-- Generated by org.testng.reporters.JUnitReportReporter -->
<testsuite hostname="WJLP-1098" name="RamTestCases.Logout" tests="4" failures="0" timestamp="29 May 2020 05:43:10 GMT" time="14.287" errors="0">
  <testcase name="SelectMembertoLogoutandClickOnNo" time="3.004" classname="RamTestCases.Logout"/>
  <testcase name="SelectMembertoLogoutandClickOnYes" time="4.988" classname="RamTestCases.Logout"/>
  <testcase name="CaseToVerifyLogoutBtn" time="5.048" classname="RamTestCases.Logout"/>
  <testcase name="CaseToVerifyLogoutAllBtn" time="1.247" classname="RamTestCases.Logout"/>
</testsuite> <!-- RamTestCases.Logout -->
